<?xml version="1.0" encoding="UTF-8"?>
<!-- Generated by org.testng.reporters.JUnitXMLReporter -->
<testsuite ignored="0" hostname="DESKTOP-D5U15C6" failures="0" tests="2" name="Error Validation Test" time="1.064" errors="0" timestamp="2025-09-29T19:17:01 IST">
  <testcase classname="syedrehmanseleniumproject.Tests.ErrorValidationTest" name="loginPageErrorValidation" time="0.001">
    <skipped/>
  </testcase> <!-- loginPageErrorValidation -->
  <testcase classname="syedrehmanseleniumproject.Tests.ErrorValidationTest" name="submitOrder" time="0.0">
    <skipped/>
  </testcase> <!-- submitOrder -->
</testsuite> <!-- Error Validation Test -->
